[17644:23516:0630/234504.181:WARNING:chrome_main_delegate.cc(593)] This is Chrome version 114.0.5735.199 (not a warning)
[17644:23516:0630/234504.227:INFO:chrome_browser_cloud_management_controller.cc(167)] Starting CBCM Controller Initialization
[17644:23516:0630/234504.227:INFO:chrome_browser_cloud_management_controller.cc(195)] No machine level policy manager exists.
[17644:23516:0630/234529.772:INFO:CONSOLE(31)] "Slow network is detected. See https://www.chromestatus.com/feature/5636954674692096 for more details. Fallback font will be used while loading: chrome://resources/roboto/roboto-regular.woff2", source: chrome://new-tab-page/ (31)
[17644:23516:0630/234531.204:INFO:CONSOLE(0)] "Slow network is detected. See https://www.chromestatus.com/feature/5636954674692096 for more details. Fallback font will be used while loading: chrome://resources/roboto/roboto-medium.woff2", source: chrome://new-tab-page/ (0)
[17644:23516:0630/234533.375:INFO:CONSOLE(1)] "Canvas2D: Multiple readback operations using getImageData are faster with the willReadFrequently attribute set to true. See: https://html.spec.whatwg.org/multipage/canvas.html#concept-canvas-will-read-frequently", source: https://s20.tiktokcdn.com/tiktok/common/init.js?seed=AECR_w2JAQAAGQUnbDCaMlbJ4z0uLMTGyNvxKNPMzlupCV87x75Uigizarv_&hTc6j8Njvn--z=q (1)
[17644:23516:0630/234533.826:INFO:CONSOLE(1)] ".", source: https://lf16-tiktok-web.tiktokcdn-us.com/obj/tiktok-web-tx/webmssdk/2.0.0.187/webmssdk.js (1)
[17644:23516:0630/234533.858:INFO:CONSOLE(1)] "%c [object HTMLImageElement]", source: https://lf16-tiktok-web.tiktokcdn-us.com/obj/tiktok-web-tx/webmssdk/2.0.0.187/webmssdk.js (1)
[17644:23516:0630/234533.890:INFO:CONSOLE(13)] "channel must sg ,va!!!", source: https://sf16-website-login.neutral.ttwstatic.com/obj/tiktok_web_login_static/pns/tiktok-cookie-banner/1.0.0.201/default.ttp.esm.js (13)
[17644:23516:0630/234534.278:INFO:CONSOLE(304)] "<link rel=preload> has an unsupported `type` value", source: https://2ip.ru/ (304)
[17644:23516:0630/234534.278:INFO:CONSOLE(308)] "<link rel=preload> has an unsupported `type` value", source: https://2ip.ru/ (308)
[17644:23516:0630/234536.361:INFO:CONSOLE(1)] "Canvas2D: Multiple readback operations using getImageData are faster with the willReadFrequently attribute set to true. See: https://html.spec.whatwg.org/multipage/canvas.html#concept-canvas-will-read-frequently", source: https://s20.tiktokcdn.com/tiktok/common/init.js?seed=AECR_w2JAQAAGQUnbDCaMlbJ4z0uLMTGyNvxKNPMzlupCV87x75Uigizarv_&hTc6j8Njvn--z=q (1)
[17644:23516:0630/234538.443:INFO:CONSOLE(304)] "<link rel=preload> has an unsupported `type` value", source: https://2ip.ru/add-ip/ (304)
[17644:23516:0630/234538.443:INFO:CONSOLE(308)] "<link rel=preload> has an unsupported `type` value", source: https://2ip.ru/add-ip/ (308)
[17644:23516:0630/234542.036:INFO:CONSOLE(1)] "Canvas2D: Multiple readback operations using getImageData are faster with the willReadFrequently attribute set to true. See: https://html.spec.whatwg.org/multipage/canvas.html#concept-canvas-will-read-frequently", source: https://s20.tiktokcdn.com/tiktok/common/init.js?seed=AECR_w2JAQAAGQUnbDCaMlbJ4z0uLMTGyNvxKNPMzlupCV87x75Uigizarv_&hTc6j8Njvn--z=q (1)
[17644:23516:0630/234542.646:INFO:CONSOLE(0)] "Slow network is detected. See https://www.chromestatus.com/feature/5636954674692096 for more details. Fallback font will be used while loading: chrome://resources/roboto/roboto-regular.woff2", source: chrome://new-tab-page/ (0)
[17644:23516:0630/234542.723:INFO:CONSOLE(0)] "Slow network is detected. See https://www.chromestatus.com/feature/5636954674692096 for more details. Fallback font will be used while loading: chrome://resources/roboto/roboto-medium.woff2", source: chrome://new-tab-page/ (0)
[17644:23516:0630/234546.683:INFO:CONSOLE(0)] "Error with Permissions-Policy header: Origin trial controlled feature not enabled: 'unload'.", source:  (0)
[17644:23516:0630/234550.238:INFO:CONSOLE(2)] "JQMIGRATE: Migrate is installed, version 3.4.0", source: https://whatismyipaddress.com/wp-includes/js/jquery/jquery-migrate.min.js?ver=1.4.1 (2)
[17644:23516:0630/234550.281:INFO:CONSOLE(0)] "Slow network is detected. See https://www.chromestatus.com/feature/5636954674692096 for more details. Fallback font will be used while loading: https://whatismyipaddress.com/wp-content/themes/wipa-bb-child/font-awesome/webfonts/fa-brands-400.woff2", source: https://whatismyipaddress.com/ (0)
[17644:23516:0630/234552.977:INFO:CONSOLE(1)] "Uncaught ReferenceError: frontSanitizationEnabled is not defined", source: https://whatismyipaddress.com/wp-content/plugins/svg-support/js/min/svgs-inline-min.js?ver=1.0.0 (1)
[17644:23516:0630/234552.978:INFO:CONSOLE(1)] "Uncaught ReferenceError: frontSanitizationEnabled is not defined", source: https://whatismyipaddress.com/wp-content/plugins/svg-support/js/min/svgs-inline-min.js?ver=1.0.0 (1)
[17644:23516:0630/234552.978:INFO:CONSOLE(1)] "Uncaught ReferenceError: frontSanitizationEnabled is not defined", source: https://whatismyipaddress.com/wp-content/plugins/svg-support/js/min/svgs-inline-min.js?ver=1.0.0 (1)
[17644:23516:0630/234556.242:INFO:CONSOLE(218)] "USP is not accessible", source: https://whatismyipaddress.com/ (218)
[17644:23516:0630/234605.823:INFO:CONSOLE(1)] "[i18n] missing key en WebApp_Login Log in or sign up for an account on TikTok. Start watching to discover real people and real videos that will make your day. Log in or sign up for an account on TikTok. Start watching to discover real people and real videos that will make your day.", source: https://lf16-tiktok-web.tiktokcdn-us.com/obj/tiktok-web-tx/tiktok/webapp/main/webapp-desktop/webapp-desktop.4d9256f20f2b1adf44f1.js (1)
[17644:23516:0630/234608.512:INFO:CONSOLE(0)] "[DOM] Input elements should have autocomplete attributes (suggested: "username"): (More info: https://goo.gl/9p2vKq) %o", source: https://www.tiktok.com/explore? (0)
[17644:23516:0630/234613.888:INFO:CONSOLE(1)] "%cAccountApi Version >>>>%O background: #222; color: #bada55 2.0.2-tiktok", source: https://lf16-tiktok-web.tiktokcdn-us.com/obj/tiktok-web-tx/tiktok/webapp/main/webapp-desktop/npm-async-b865213a.adbf2acce1fcabc9a3da.js (1)
[17644:23516:0630/234613.891:INFO:CONSOLE(1)] ">> lang en", source: https://lf16-tiktok-web.tiktokcdn-us.com/obj/tiktok-web-tx/tiktok/webapp/main/webapp-desktop/npm-async-b865213a.adbf2acce1fcabc9a3da.js (1)
[17644:23516:0630/234613.891:INFO:CONSOLE(1)] ">>> twv I18n isInitialized true", source: https://lf16-tiktok-web.tiktokcdn-us.com/obj/tiktok-web-tx/tiktok/webapp/main/webapp-desktop/npm-async-b865213a.adbf2acce1fcabc9a3da.js (1)
[17644:23516:0630/234613.918:INFO:CONSOLE(1)] "===> verify_ljj1o598_VOWVMO9p_8I9N_4rVo_8sNS_wt1RnQd71o0Q", source: https://lf16-tiktok-web.tiktokcdn-us.com/obj/tiktok-web-tx/tiktok/webapp/main/webapp-desktop/npm-async-b865213a.adbf2acce1fcabc9a3da.js (1)
[17644:23516:0630/234617.474:INFO:CONSOLE(1)] "[i18n] missing key en WebApp_Login Maximum number of attempts reached. Try again later. Maximum number of attempts reached. Try again later.", source: https://lf16-tiktok-web.tiktokcdn-us.com/obj/tiktok-web-tx/tiktok/webapp/main/webapp-desktop/webapp-desktop.4d9256f20f2b1adf44f1.js (1)
[17644:23516:0630/234623.927:INFO:CONSOLE(1)] "Error: timeout of 10000ms exceeded", source: https://lf16-tiktok-web.tiktokcdn-us.com/obj/tiktok-web-tx/tiktok/webapp/main/webapp-desktop/npm-async-b865213a.adbf2acce1fcabc9a3da.js (1)
